<?xml version="1.0" encoding="UTF-8"?>
<testng-results ignored="0" total="1" passed="0" failed="1" skipped="0">
  <reporter-output>
  </reporter-output>
  <suite started-at="2023-11-26T10:48:48 IST" name="Type of Testings" finished-at="2023-11-26T10:49:04 IST" duration-ms="16793">
    <groups>
    </groups>
    <test started-at="2023-11-26T10:48:48 IST" name="Test" finished-at="2023-11-26T10:49:04 IST" duration-ms="16793">
      <class name="Test.TestCasesController2">
        <test-method is-config="true" signature="launchUrl(java.lang.String)[pri:0, instance:Test.TestCasesController2@30e92cb9, instance params:[NA, NA, NA, QA, https://www.google.co.in/, newadmin, password02, NA, null]]" started-at="2023-11-26T10:48:48 IST" name="launchUrl" finished-at="2023-11-26T10:48:56 IST" duration-ms="8058" status="PASS">
          <params>
            <param index="0">
              <value>
                <![CDATA[Chrome]]>
              </value>
            </param>
          </params>
          <reporter-output>
          </reporter-output>
        </test-method> <!-- launchUrl -->
        <test-method signature="CheGuevara_Search()[pri:10, instance:Test.TestCasesController2@30e92cb9, instance params:[NA, NA, NA, QA, https://www.google.co.in/, newadmin, password02, NA, null]]" started-at="2023-11-26T10:48:56 IST" name="CheGuevara_Search" finished-at="2023-11-26T10:49:03 IST" duration-ms="7538" status="FAIL">
          <exception class="java.lang.AssertionError">
            <message>
              <![CDATA[null]]>
            </message>
            <full-stacktrace>
              <![CDATA[java.lang.AssertionError: null
at org.testng.Assert.fail(Assert.java:110)
at org.testng.Assert.fail(Assert.java:115)
at POM.GoogleSearch2.GoogleSearch(GoogleSearch2.java:54)
at Test.TestCasesController2.CheGuevara_Search(TestCasesController2.java:49)
at java.base/jdk.internal.reflect.NativeMethodAccessorImpl.invoke0(Native Method)
at java.base/jdk.internal.reflect.NativeMethodAccessorImpl.invoke(NativeMethodAccessorImpl.java:62)
at java.base/jdk.internal.reflect.DelegatingMethodAccessorImpl.invoke(DelegatingMethodAccessorImpl.java:43)
at java.base/java.lang.reflect.Method.invoke(Method.java:566)
at org.testng.internal.invokers.MethodInvocationHelper.invokeMethod(MethodInvocationHelper.java:139)
at org.testng.internal.invokers.TestInvoker.invokeMethod(TestInvoker.java:677)
at org.testng.internal.invokers.TestInvoker.invokeTestMethod(TestInvoker.java:221)
at org.testng.internal.invokers.MethodRunner.runInSequence(MethodRunner.java:50)
at org.testng.internal.invokers.TestInvoker$MethodInvocationAgent.invoke(TestInvoker.java:969)
at org.testng.internal.invokers.TestInvoker.invokeTestMethods(TestInvoker.java:194)
at org.testng.internal.invokers.TestMethodWorker.invokeTestMethods(TestMethodWorker.java:148)
at org.testng.internal.invokers.TestMethodWorker.run(TestMethodWorker.java:128)
at java.base/java.util.concurrent.ThreadPoolExecutor.runWorker(ThreadPoolExecutor.java:1128)
at java.base/java.util.concurrent.ThreadPoolExecutor$Worker.run(ThreadPoolExecutor.java:628)
at java.base/java.lang.Thread.run(Thread.java:834)
]]>
            </full-stacktrace>
          </exception> <!-- java.lang.AssertionError -->
          <reporter-output>
          </reporter-output>
        </test-method> <!-- CheGuevara_Search -->
        <test-method is-config="true" signature="ExecutionTimeForTest(org.testng.ITestResult)[pri:0, instance:Test.TestCasesController2@30e92cb9, instance params:[NA, NA, NA, QA, https://www.google.co.in/, newadmin, password02, NA, null]]" started-at="2023-11-26T10:49:04 IST" name="ExecutionTimeForTest" finished-at="2023-11-26T10:49:04 IST" duration-ms="306" status="PASS">
          <params>
            <param index="0">
              <value>
                <![CDATA[[TestResult name=CheGuevara_Search status=FAILURE method=TestCasesController2.CheGuevara_Search()[pri:10, instance:Test.TestCasesController2@30e92cb9, instance params:[NA, NA, NA, QA, https://www.google.co.in/, newadmin, password02, NA, null]] output={null}]]]>
              </value>
            </param>
          </params>
          <reporter-output>
          </reporter-output>
        </test-method> <!-- ExecutionTimeForTest -->
        <test-method is-config="true" signature="closeBrowser(java.lang.String)[pri:0, instance:Test.TestCasesController2@30e92cb9, instance params:[NA, NA, NA, QA, https://www.google.co.in/, newadmin, password02, NA, null]]" started-at="2023-11-26T10:49:04 IST" name="closeBrowser" finished-at="2023-11-26T10:49:04 IST" duration-ms="480" status="PASS">
          <params>
            <param index="0">
              <value>
                <![CDATA[Chrome]]>
              </value>
            </param>
          </params>
          <reporter-output>
          </reporter-output>
        </test-method> <!-- closeBrowser -->
      </class> <!-- Test.TestCasesController2 -->
    </test> <!-- Test -->
  </suite> <!-- Type of Testings -->
</testng-results>
